# JRE version: Java(TM) SE Runtime Environment (8.0_144-b01) (build 1.8.0_144-b01)
# Java VM: Java HotSpot(TM) 64-Bit Server VM (25.144-b01 mixed mode linux-amd64 compressed oops)
Heap:
 garbage-first heap   total 419840K, used 114883K [0x00000000c0000000, 0x00000000c0100cd0, 0x0000000100000000)
  region size 1024K, 25 young (25600K), 18 survivors (18432K)
 Metaspace       used 138748K, capacity 151380K, committed 151500K, reserved 1179648K
  class space    used 17069K, capacity 20601K, committed 20684K, reserved 1048576K
GC Heap History (10 events):
Event: 3043,945 GC heap before
{Heap before GC invocations=121 (full 10):
 garbage-first heap   total 419840K, used 337640K [0x00000000c0000000, 0x00000000c0100cd0, 0x0000000100000000)
  region size 1024K, 246 young (251904K), 22 survivors (22528K)
 Metaspace       used 137446K, capacity 149850K, committed 150092K, reserved 1179648K
  class space    used 16965K, capacity 20475K, committed 20556K, reserved 1048576K
Event: 3043,983 GC heap after
Heap after GC invocations=122 (full 10):
 garbage-first heap   total 419840K, used 106179K [0x00000000c0000000, 0x00000000c0100cd0, 0x0000000100000000)
  region size 1024K, 15 young (15360K), 15 survivors (15360K)
 Metaspace       used 137446K, capacity 149850K, committed 150092K, reserved 1179648K
  class space    used 16965K, capacity 20475K, committed 20556K, reserved 1048576K
}
Event: 3225,740 GC heap before
{Heap before GC invocations=122 (full 10):
 garbage-first heap   total 419840K, used 342723K [0x00000000c0000000, 0x00000000c0100cd0, 0x0000000100000000)
  region size 1024K, 246 young (251904K), 15 survivors (15360K)
 Metaspace       used 137549K, capacity 150014K, committed 150092K, reserved 1179648K
  class space    used 16968K, capacity 20507K, committed 20556K, reserved 1048576K
Event: 3225,770 GC heap after
Heap after GC invocations=123 (full 10):
 garbage-first heap   total 419840K, used 106179K [0x00000000c0000000, 0x00000000c0100cd0, 0x0000000100000000)
  region size 1024K, 15 young (15360K), 15 survivors (15360K)
 Metaspace       used 137549K, capacity 150014K, committed 150092K, reserved 1179648K
  class space    used 16968K, capacity 20507K, committed 20556K, reserved 1048576K
}
Event: 3279,977 GC heap before
{Heap before GC invocations=123 (full 10):
 garbage-first heap   total 419840K, used 342723K [0x00000000c0000000, 0x00000000c0100cd0, 0x0000000100000000)
  region size 1024K, 246 young (251904K), 15 survivors (15360K)
 Metaspace       used 137616K, capacity 150078K, committed 150348K, reserved 1179648K
  class space    used 16968K, capacity 20507K, committed 20556K, reserved 1048576K
Event: 3280,033 GC heap after
Heap after GC invocations=124 (full 10):
 garbage-first heap   total 419840K, used 105667K [0x00000000c0000000, 0x00000000c0100cd0, 0x0000000100000000)
  region size 1024K, 15 young (15360K), 15 survivors (15360K)
 Metaspace       used 137616K, capacity 150078K, committed 150348K, reserved 1179648K
  class space    used 16968K, capacity 20507K, committed 20556K, reserved 1048576K
}
Event: 3547,687 GC heap before
{Heap before GC invocations=124 (full 10):
 garbage-first heap   total 419840K, used 342211K [0x00000000c0000000, 0x00000000c0100cd0, 0x0000000100000000)
  region size 1024K, 246 young (251904K), 15 survivors (15360K)
 Metaspace       used 137885K, capacity 150404K, committed 150604K, reserved 1179648K
  class space    used 16974K, capacity 20508K, committed 20556K, reserved 1048576K
Event: 3547,756 GC heap after
Heap after GC invocations=125 (full 10):
 garbage-first heap   total 419840K, used 107203K [0x00000000c0000000, 0x00000000c0100cd0, 0x0000000100000000)
  region size 1024K, 16 young (16384K), 16 survivors (16384K)
 Metaspace       used 137885K, capacity 150404K, committed 150604K, reserved 1179648K
  class space    used 16974K, capacity 20508K, committed 20556K, reserved 1048576K
}
Event: 3815,360 GC heap before
{Heap before GC invocations=125 (full 10):
 garbage-first heap   total 419840K, used 344982K [0x00000000c0000000, 0x00000000c0100cd0, 0x0000000100000000)
  region size 1024K, 246 young (251904K), 16 survivors (16384K)
 Metaspace       used 138682K, capacity 151316K, committed 151500K, reserved 1179648K
  class space    used 17063K, capacity 20601K, committed 20684K, reserved 1048576K
Event: 3815,382 GC heap after
Heap after GC invocations=126 (full 10):
 garbage-first heap   total 419840K, used 108739K [0x00000000c0000000, 0x00000000c0100cd0, 0x0000000100000000)
  region size 1024K, 18 young (18432K), 18 survivors (18432K)
 Metaspace       used 138682K, capacity 151316K, committed 151500K, reserved 1179648K
  class space    used 17063K, capacity 20601K, committed 20684K, reserved 1048576K
}

